<?xml version="1.0" encoding="UTF-8"?>
<testsuite xmlns:xsi="http://www.w3.org/2001/XMLSchema-instance" xsi:noNamespaceSchemaLocation="https://maven.apache.org/surefire/maven-surefire-plugin/xsd/surefire-test-report-3.0.xsd" version="3.0" name="cr.go.ucr.examen1.ComisionVentaTest" time="0.224" tests="20" errors="0" skipped="0" failures="0">
  <properties>
[...]
</properties>
  <testcase name="calcularComision_ValorLimiteInferiorSegundoRango" classname="cr.go.ucr.examen1.ComisionVentaTest" time="0.087"/>
  <testcase name="testGettersAndSetters" classname="cr.go.ucr.examen1.ComisionVentaTest" time="0.002"/>
  <testcase name="calcularComision_LimiteInferiorPrimerRango" classname="cr.go.ucr.examen1.ComisionVentaTest" time="0.003"/>
  <testcase name="calcularComision_CuartoRango" classname="cr.go.ucr.examen1.ComisionVentaTest" time="0.002"/>
  <testcase name="calcularComision_ValorNegativoCajaBlanca" classname="cr.go.ucr.examen1.ComisionVentaTest" time="0.002"/>
  <testcase name="calcularComision_LimiteSuperiorUltimoRango" classname="cr.go.ucr.examen1.ComisionVentaTest" time="0.002"/>
  <testcase name="calcularComision_LimitesExactos" classname="cr.go.ucr.examen1.ComisionVentaTest" time="0.003"/>
  <testcase name="calcularComision_FueraDeRango" classname="cr.go.ucr.examen1.ComisionVentaTest" time="0.001"/>
  <testcase name="calcularComision_ValorNulo" classname="cr.go.ucr.examen1.ComisionVentaTest" time="0.001"/>
  <testcase name="calcularComision_LimiteTercerRango" classname="cr.go.ucr.examen1.ComisionVentaTest" time="0.003"/>
  <testcase name="calcularComision_LimiteSegundoRango" classname="cr.go.ucr.examen1.ComisionVentaTest" time="0.002"/>
  <testcase name="calcularComision_MontoFueraDeRangos" classname="cr.go.ucr.examen1.ComisionVentaTest" time="0.003"/>
  <testcase name="calcularComision_PrimerRango" classname="cr.go.ucr.examen1.ComisionVentaTest" time="0.001"/>
  <testcase name="calcularComision_TercerRango" classname="cr.go.ucr.examen1.ComisionVentaTest" time="0.002"/>
  <testcase name="calcularComision_ValorNegativo" classname="cr.go.ucr.examen1.ComisionVentaTest" time="0.002"/>
  <testcase name="calcularComision_ValorNoCoincideConRangos" classname="cr.go.ucr.examen1.ComisionVentaTest" time="0.003"/>
  <testcase name="calcularComision_ClaseValida" classname="cr.go.ucr.examen1.ComisionVentaTest" time="0.003"/>
  <testcase name="calcularComision_ValorLimiteSuperiorPrimerRango" classname="cr.go.ucr.examen1.ComisionVentaTest" time="0.001"/>
  <testcase name="calcularComision_ValorExcesivo" classname="cr.go.ucr.examen1.ComisionVentaTest" time="0.001"/>
  <testcase name="calcularComision_SegundoRango" classname="cr.go.ucr.examen1.ComisionVentaTest" time="0.001"/>
</testsuite>